# JRE version: OpenJDK Runtime Environment Homebrew (11.0.12) (build 11.0.12+0)
# Java VM: OpenJDK 64-Bit Server VM Homebrew (11.0.12+0, mixed mode, tiered, compressed oops, g1 gc, bsd-aarch64)
Heap:
 garbage-first heap   total 339968K, used 253643K [0x00000006c0000000, 0x00000007c0000000)
  region size 1024K, 199 young (203776K), 19 survivors (19456K)
 Metaspace       used 14097K, capacity 14593K, committed 14720K, reserved 1062912K
  class space    used 1384K, capacity 1602K, committed 1664K, reserved 1048576K
GC Heap History (16 events):
Event: 0.569 GC heap before
{Heap before GC invocations=0 (full 0):
 garbage-first heap   total 262144K, used 23552K [0x00000006c0000000, 0x00000007c0000000)
  region size 1024K, 24 young (24576K), 0 survivors (0K)
 Metaspace       used 12778K, capacity 13121K, committed 13312K, reserved 1060864K
  class space    used 1279K, capacity 1410K, committed 1536K, reserved 1048576K
}
Event: 0.575 GC heap after
{Heap after GC invocations=1 (full 0):
 garbage-first heap   total 262144K, used 3796K [0x00000006c0000000, 0x00000007c0000000)
  region size 1024K, 3 young (3072K), 3 survivors (3072K)
 Metaspace       used 12778K, capacity 13121K, committed 13312K, reserved 1060864K
  class space    used 1279K, capacity 1410K, committed 1536K, reserved 1048576K
}
Event: 0.952 GC heap before
{Heap before GC invocations=1 (full 0):
 garbage-first heap   total 262144K, used 157396K [0x00000006c0000000, 0x00000007c0000000)
  region size 1024K, 153 young (156672K), 3 survivors (3072K)
 Metaspace       used 13904K, capacity 14403K, committed 14720K, reserved 1062912K
  class space    used 1369K, capacity 1587K, committed 1664K, reserved 1048576K
}
Event: 0.961 GC heap after
{Heap after GC invocations=2 (full 0):
 garbage-first heap   total 262144K, used 14001K [0x00000006c0000000, 0x00000007c0000000)
  region size 1024K, 13 young (13312K), 13 survivors (13312K)
 Metaspace       used 13904K, capacity 14403K, committed 14720K, reserved 1062912K
  class space    used 1369K, capacity 1587K, committed 1664K, reserved 1048576K
}
Event: 1.128 GC heap before
{Heap before GC invocations=2 (full 0):
 garbage-first heap   total 262144K, used 157361K [0x00000006c0000000, 0x00000007c0000000)
  region size 1024K, 153 young (156672K), 13 survivors (13312K)
 Metaspace       used 13914K, capacity 14404K, committed 14720K, reserved 1062912K
  class space    used 1369K, capacity 1587K, committed 1664K, reserved 1048576K
}
Event: 1.138 GC heap after
{Heap after GC invocations=3 (full 0):
 garbage-first heap   total 262144K, used 23494K [0x00000006c0000000, 0x00000007c0000000)
  region size 1024K, 20 young (20480K), 20 survivors (20480K)
 Metaspace       used 13914K, capacity 14404K, committed 14720K, reserved 1062912K
  class space    used 1369K, capacity 1587K, committed 1664K, reserved 1048576K
}
Event: 1.288 GC heap before
{Heap before GC invocations=3 (full 0):
 garbage-first heap   total 262144K, used 159686K [0x00000006c0000000, 0x00000007c0000000)
  region size 1024K, 153 young (156672K), 20 survivors (20480K)
 Metaspace       used 13932K, capacity 14417K, committed 14720K, reserved 1062912K
  class space    used 1370K, capacity 1589K, committed 1664K, reserved 1048576K
}
Event: 1.300 GC heap after
{Heap after GC invocations=4 (full 0):
 garbage-first heap   total 262144K, used 31571K [0x00000006c0000000, 0x00000007c0000000)
  region size 1024K, 18 young (18432K), 18 survivors (18432K)
 Metaspace       used 13932K, capacity 14417K, committed 14720K, reserved 1062912K
  class space    used 1370K, capacity 1589K, committed 1664K, reserved 1048576K
}
Event: 1.462 GC heap before
{Heap before GC invocations=4 (full 0):
 garbage-first heap   total 262144K, used 169811K [0x00000006c0000000, 0x00000007c0000000)
  region size 1024K, 153 young (156672K), 18 survivors (18432K)
 Metaspace       used 13932K, capacity 14417K, committed 14720K, reserved 1062912K
  class space    used 1370K, capacity 1589K, committed 1664K, reserved 1048576K
}
Event: 1.472 GC heap after
{Heap after GC invocations=5 (full 0):
 garbage-first heap   total 339968K, used 40460K [0x00000006c0000000, 0x00000007c0000000)
  region size 1024K, 17 young (17408K), 17 survivors (17408K)
 Metaspace       used 13932K, capacity 14417K, committed 14720K, reserved 1062912K
  class space    used 1370K, capacity 1589K, committed 1664K, reserved 1048576K
}
Event: 1.653 GC heap before
{Heap before GC invocations=5 (full 0):
 garbage-first heap   total 339968K, used 214540K [0x00000006c0000000, 0x00000007c0000000)
  region size 1024K, 187 young (191488K), 17 survivors (17408K)
 Metaspace       used 13933K, capacity 14481K, committed 14720K, reserved 1062912K
  class space    used 1370K, capacity 1589K, committed 1664K, reserved 1048576K
}
Event: 1.663 GC heap after
{Heap after GC invocations=6 (full 0):
 garbage-first heap   total 339968K, used 51458K [0x00000006c0000000, 0x00000007c0000000)
  region size 1024K, 20 young (20480K), 20 survivors (20480K)
 Metaspace       used 13933K, capacity 14481K, committed 14720K, reserved 1062912K
  class space    used 1370K, capacity 1589K, committed 1664K, reserved 1048576K
}
Event: 1.827 GC heap before
{Heap before GC invocations=6 (full 0):
 garbage-first heap   total 339968K, used 234754K [0x00000006c0000000, 0x00000007c0000000)
  region size 1024K, 199 young (203776K), 20 survivors (20480K)
 Metaspace       used 13950K, capacity 14481K, committed 14720K, reserved 1062912K
  class space    used 1372K, capacity 1589K, committed 1664K, reserved 1048576K
}
Event: 1.839 GC heap after
{Heap after GC invocations=7 (full 0):
 garbage-first heap   total 339968K, used 61321K [0x00000006c0000000, 0x00000007c0000000)
  region size 1024K, 21 young (21504K), 21 survivors (21504K)
 Metaspace       used 13950K, capacity 14481K, committed 14720K, reserved 1062912K
  class space    used 1372K, capacity 1589K, committed 1664K, reserved 1048576K
}
Event: 2.056 GC heap before
{Heap before GC invocations=7 (full 0):
 garbage-first heap   total 339968K, used 242569K [0x00000006c0000000, 0x00000007c0000000)
  region size 1024K, 199 young (203776K), 21 survivors (21504K)
 Metaspace       used 14091K, capacity 14593K, committed 14720K, reserved 1062912K
  class space    used 1384K, capacity 1602K, committed 1664K, reserved 1048576K
}
Event: 2.071 GC heap after
{Heap after GC invocations=8 (full 0):
 garbage-first heap   total 339968K, used 70347K [0x00000006c0000000, 0x00000007c0000000)
  region size 1024K, 19 young (19456K), 19 survivors (19456K)
 Metaspace       used 14091K, capacity 14593K, committed 14720K, reserved 1062912K
  class space    used 1384K, capacity 1602K, committed 1664K, reserved 1048576K
}

