# JRE version: OpenJDK Runtime Environment Homebrew (11.0.12) (build 11.0.12+0)
# Java VM: OpenJDK 64-Bit Server VM Homebrew (11.0.12+0, mixed mode, tiered, compressed oops, g1 gc, bsd-aarch64)
Heap:
 garbage-first heap   total 328704K, used 124459K [0x00000006c0000000, 0x00000007c0000000)
  region size 1024K, 94 young (96256K), 21 survivors (21504K)
 Metaspace       used 12165K, capacity 12538K, committed 12672K, reserved 1060864K
  class space    used 1208K, capacity 1384K, committed 1408K, reserved 1048576K
GC Heap History (12 events):
Event: 0.378 GC heap before
{Heap before GC invocations=0 (full 0):
 garbage-first heap   total 262144K, used 24576K [0x00000006c0000000, 0x00000007c0000000)
  region size 1024K, 24 young (24576K), 0 survivors (0K)
 Metaspace       used 11849K, capacity 12318K, committed 12416K, reserved 1060864K
  class space    used 1204K, capacity 1381K, committed 1408K, reserved 1048576K
}
Event: 0.382 GC heap after
{Heap after GC invocations=1 (full 0):
 garbage-first heap   total 262144K, used 3915K [0x00000006c0000000, 0x00000007c0000000)
  region size 1024K, 3 young (3072K), 3 survivors (3072K)
 Metaspace       used 11849K, capacity 12318K, committed 12416K, reserved 1060864K
  class space    used 1204K, capacity 1381K, committed 1408K, reserved 1048576K
}
Event: 0.684 GC heap before
{Heap before GC invocations=1 (full 0):
 garbage-first heap   total 262144K, used 157515K [0x00000006c0000000, 0x00000007c0000000)
  region size 1024K, 153 young (156672K), 3 survivors (3072K)
 Metaspace       used 12058K, capacity 12458K, committed 12672K, reserved 1060864K
  class space    used 1205K, capacity 1382K, committed 1408K, reserved 1048576K
}
Event: 0.690 GC heap after
{Heap after GC invocations=2 (full 0):
 garbage-first heap   total 262144K, used 16083K [0x00000006c0000000, 0x00000007c0000000)
  region size 1024K, 15 young (15360K), 15 survivors (15360K)
 Metaspace       used 12058K, capacity 12458K, committed 12672K, reserved 1060864K
  class space    used 1205K, capacity 1382K, committed 1408K, reserved 1048576K
}
Event: 0.900 GC heap before
{Heap before GC invocations=2 (full 0):
 garbage-first heap   total 262144K, used 147155K [0x00000006c0000000, 0x00000007c0000000)
  region size 1024K, 144 young (147456K), 15 survivors (15360K)
 Metaspace       used 12087K, capacity 12472K, committed 12672K, reserved 1060864K
  class space    used 1207K, capacity 1384K, committed 1408K, reserved 1048576K
}
Event: 0.910 GC heap after
{Heap after GC invocations=3 (full 0):
 garbage-first heap   total 262144K, used 25752K [0x00000006c0000000, 0x00000007c0000000)
  region size 1024K, 10 young (10240K), 10 survivors (10240K)
 Metaspace       used 12087K, capacity 12472K, committed 12672K, reserved 1060864K
  class space    used 1207K, capacity 1384K, committed 1408K, reserved 1048576K
}
Event: 0.941 GC heap before
{Heap before GC invocations=3 (full 0):
 garbage-first heap   total 262144K, used 77976K [0x00000006c0000000, 0x00000007c0000000)
  region size 1024K, 61 young (62464K), 10 survivors (10240K)
 Metaspace       used 12106K, capacity 12536K, committed 12672K, reserved 1060864K
  class space    used 1208K, capacity 1384K, committed 1408K, reserved 1048576K
}
Event: 0.946 GC heap after
{Heap after GC invocations=4 (full 0):
 garbage-first heap   total 262144K, used 30606K [0x00000006c0000000, 0x00000007c0000000)
  region size 1024K, 5 young (5120K), 5 survivors (5120K)
 Metaspace       used 12106K, capacity 12536K, committed 12672K, reserved 1060864K
  class space    used 1208K, capacity 1384K, committed 1408K, reserved 1048576K
}
Event: 1.012 GC heap before
{Heap before GC invocations=4 (full 0):
 garbage-first heap   total 262144K, used 168846K [0x00000006c0000000, 0x00000007c0000000)
  region size 1024K, 140 young (143360K), 5 survivors (5120K)
 Metaspace       used 12126K, capacity 12538K, committed 12672K, reserved 1060864K
  class space    used 1208K, capacity 1384K, committed 1408K, reserved 1048576K
}
Event: 1.019 GC heap after
{Heap after GC invocations=5 (full 0):
 garbage-first heap   total 328704K, used 39472K [0x00000006c0000000, 0x00000007c0000000)
  region size 1024K, 13 young (13312K), 13 survivors (13312K)
 Metaspace       used 12126K, capacity 12538K, committed 12672K, reserved 1060864K
  class space    used 1208K, capacity 1384K, committed 1408K, reserved 1048576K
}
Event: 1.090 GC heap before
{Heap before GC invocations=5 (full 0):
 garbage-first heap   total 328704K, used 209456K [0x00000006c0000000, 0x00000007c0000000)
  region size 1024K, 179 young (183296K), 13 survivors (13312K)
 Metaspace       used 12140K, capacity 12538K, committed 12672K, reserved 1060864K
  class space    used 1208K, capacity 1384K, committed 1408K, reserved 1048576K
}
Event: 1.099 GC heap after
{Heap after GC invocations=6 (full 0):
 garbage-first heap   total 328704K, used 50731K [0x00000006c0000000, 0x00000007c0000000)
  region size 1024K, 21 young (21504K), 21 survivors (21504K)
 Metaspace       used 12140K, capacity 12538K, committed 12672K, reserved 1060864K
  class space    used 1208K, capacity 1384K, committed 1408K, reserved 1048576K
}

