# JRE version: OpenJDK Runtime Environment Homebrew (11.0.12) (build 11.0.12+0)
# Java VM: OpenJDK 64-Bit Server VM Homebrew (11.0.12+0, mixed mode, tiered, compressed oops, g1 gc, bsd-aarch64)
Heap:
 garbage-first heap   total 330752K, used 173349K [0x00000006c0000000, 0x00000007c0000000)
  region size 1024K, 135 young (138240K), 15 survivors (15360K)
 Metaspace       used 12150K, capacity 12532K, committed 12672K, reserved 1060864K
  class space    used 1207K, capacity 1383K, committed 1408K, reserved 1048576K
GC Heap History (12 events):
Event: 0.435 GC heap before
{Heap before GC invocations=0 (full 0):
 garbage-first heap   total 262144K, used 24576K [0x00000006c0000000, 0x00000007c0000000)
  region size 1024K, 24 young (24576K), 0 survivors (0K)
 Metaspace       used 11888K, capacity 12318K, committed 12416K, reserved 1060864K
  class space    used 1203K, capacity 1380K, committed 1408K, reserved 1048576K
}
Event: 0.438 GC heap after
{Heap after GC invocations=1 (full 0):
 garbage-first heap   total 262144K, used 3894K [0x00000006c0000000, 0x00000007c0000000)
  region size 1024K, 3 young (3072K), 3 survivors (3072K)
 Metaspace       used 11888K, capacity 12318K, committed 12416K, reserved 1060864K
  class space    used 1203K, capacity 1380K, committed 1408K, reserved 1048576K
}
Event: 0.735 GC heap before
{Heap before GC invocations=1 (full 0):
 garbage-first heap   total 262144K, used 157494K [0x00000006c0000000, 0x00000007c0000000)
  region size 1024K, 153 young (156672K), 3 survivors (3072K)
 Metaspace       used 12044K, capacity 12453K, committed 12672K, reserved 1060864K
  class space    used 1205K, capacity 1381K, committed 1408K, reserved 1048576K
}
Event: 0.741 GC heap after
{Heap after GC invocations=2 (full 0):
 garbage-first heap   total 262144K, used 16151K [0x00000006c0000000, 0x00000007c0000000)
  region size 1024K, 15 young (15360K), 15 survivors (15360K)
 Metaspace       used 12044K, capacity 12453K, committed 12672K, reserved 1060864K
  class space    used 1205K, capacity 1381K, committed 1408K, reserved 1048576K
}
Event: 0.838 GC heap before
{Heap before GC invocations=2 (full 0):
 garbage-first heap   total 262144K, used 148247K [0x00000006c0000000, 0x00000007c0000000)
  region size 1024K, 144 young (147456K), 15 survivors (15360K)
 Metaspace       used 12070K, capacity 12466K, committed 12672K, reserved 1060864K
  class space    used 1206K, capacity 1383K, committed 1408K, reserved 1048576K
}
Event: 0.847 GC heap after
{Heap after GC invocations=3 (full 0):
 garbage-first heap   total 262144K, used 26911K [0x00000006c0000000, 0x00000007c0000000)
  region size 1024K, 11 young (11264K), 11 survivors (11264K)
 Metaspace       used 12070K, capacity 12466K, committed 12672K, reserved 1060864K
  class space    used 1206K, capacity 1383K, committed 1408K, reserved 1048576K
}
Event: 0.906 GC heap before
{Heap before GC invocations=3 (full 0):
 garbage-first heap   total 262144K, used 171295K [0x00000006c0000000, 0x00000007c0000000)
  region size 1024K, 152 young (155648K), 11 survivors (11264K)
 Metaspace       used 12104K, capacity 12531K, committed 12672K, reserved 1060864K
  class space    used 1207K, capacity 1383K, committed 1408K, reserved 1048576K
}
Event: 0.913 GC heap after
{Heap after GC invocations=4 (full 0):
 garbage-first heap   total 262144K, used 36536K [0x00000006c0000000, 0x00000007c0000000)
  region size 1024K, 19 young (19456K), 19 survivors (19456K)
 Metaspace       used 12104K, capacity 12531K, committed 12672K, reserved 1060864K
  class space    used 1207K, capacity 1383K, committed 1408K, reserved 1048576K
}
Event: 0.937 GC heap before
{Heap before GC invocations=4 (full 0):
 garbage-first heap   total 262144K, used 103096K [0x00000006c0000000, 0x00000007c0000000)
  region size 1024K, 84 young (86016K), 19 survivors (19456K)
 Metaspace       used 12118K, capacity 12531K, committed 12672K, reserved 1060864K
  class space    used 1207K, capacity 1383K, committed 1408K, reserved 1048576K
}
Event: 0.945 GC heap after
{Heap after GC invocations=5 (full 0):
 garbage-first heap   total 330752K, used 41994K [0x00000006c0000000, 0x00000007c0000000)
  region size 1024K, 6 young (6144K), 6 survivors (6144K)
 Metaspace       used 12118K, capacity 12531K, committed 12672K, reserved 1060864K
  class space    used 1207K, capacity 1383K, committed 1408K, reserved 1048576K
}
Event: 0.995 GC heap before
{Heap before GC invocations=5 (full 0):
 garbage-first heap   total 330752K, used 196618K [0x00000006c0000000, 0x00000007c0000000)
  region size 1024K, 157 young (160768K), 6 survivors (6144K)
 Metaspace       used 12125K, capacity 12532K, committed 12672K, reserved 1060864K
  class space    used 1207K, capacity 1383K, committed 1408K, reserved 1048576K
}
Event: 1.001 GC heap after
{Heap after GC invocations=6 (full 0):
 garbage-first heap   total 330752K, used 51493K [0x00000006c0000000, 0x00000007c0000000)
  region size 1024K, 15 young (15360K), 15 survivors (15360K)
 Metaspace       used 12125K, capacity 12532K, committed 12672K, reserved 1060864K
  class space    used 1207K, capacity 1383K, committed 1408K, reserved 1048576K
}

